<?xml version="1.0" encoding="UTF-8" ?>
<testsuites name="vitest tests" tests="1" failures="1" errors="0" time="0">
    <testsuite name="tests/adaStateraProtocol.test.ts" timestamp="2025-10-25T12:15:29.495Z" hostname="codebiginrs-desktop" tests="1" failures="1" errors="0" skipped="0" time="0">
        <testcase classname="tests/adaStateraProtocol.test.ts" name="tests/adaStateraProtocol.test.ts" time="0">
            <failure message="ENOENT: no such file or directory, open &apos;/tmp/Gu8Gmi6elEAWOqtb4XV_m/ssr/92cfaabe6dec1b6dda533ba0572ba208d8a2e3b9&apos;" type="Error">
Error: ENOENT: no such file or directory, open &apos;/tmp/Gu8Gmi6elEAWOqtb4XV_m/ssr/92cfaabe6dec1b6dda533ba0572ba208d8a2e3b9&apos;
            </failure>
        </testcase>
    </testsuite>
</testsuites>
